[debug] [2021-12-06T06:38:22.584Z] ----------------------------------------------------------------------
[debug] [2021-12-06T06:38:22.586Z] Command:       C:\Program Files\nodejs\node.exe C:\Users\User\AppData\Roaming\npm\node_modules\firebase-tools\lib\bin\firebase.js deploy
[debug] [2021-12-06T06:38:22.586Z] CLI Version:   9.21.0
[debug] [2021-12-06T06:38:22.587Z] Platform:      win32
[debug] [2021-12-06T06:38:22.587Z] Node Version:  v14.18.1
[debug] [2021-12-06T06:38:22.596Z] Time:          Mon Dec 06 2021 12:38:22 GMT+0600 (Bangladesh Standard Time)
[debug] [2021-12-06T06:38:22.596Z] ----------------------------------------------------------------------
[debug] 
[debug] [2021-12-06T06:38:22.664Z] > command requires scopes: ["email","openid","https://www.googleapis.com/auth/cloudplatformprojects.readonly","https://www.googleapis.com/auth/firebase","https://www.googleapis.com/auth/cloud-platform"]
[debug] [2021-12-06T06:38:22.664Z] > authorizing via signed-in user (mahi01hasan@gmail.com)
[debug] [2021-12-06T06:38:22.664Z] [iam] checking project tourism-website-40a00 for permissions ["firebase.projects.get","firebasehosting.sites.update"]
[debug] [2021-12-06T06:38:22.667Z] > refreshing access token with scopes: ["email","https://www.googleapis.com/auth/cloud-platform","https://www.googleapis.com/auth/cloudplatformprojects.readonly","https://www.googleapis.com/auth/firebase","openid"]
[debug] [2021-12-06T06:38:22.667Z] >>> HTTP REQUEST POST https://www.googleapis.com/oauth2/v3/token  
 <request body omitted>
[debug] [2021-12-06T06:38:23.301Z] <<< HTTP RESPONSE 200 {"date":"Mon, 06 Dec 2021 06:38:22 GMT","cache-control":"no-cache, no-store, max-age=0, must-revalidate","expires":"Mon, 01 Jan 1990 00:00:00 GMT","pragma":"no-cache","content-type":"application/json; charset=utf-8","vary":"X-Origin, Referer, Origin,Accept-Encoding","server":"scaffolding on HTTPServer2","x-xss-protection":"0","x-frame-options":"SAMEORIGIN","x-content-type-options":"nosniff","alt-svc":"h3=\":443\"; ma=2592000,h3-29=\":443\"; ma=2592000,h3-Q050=\":443\"; ma=2592000,h3-Q046=\":443\"; ma=2592000,h3-Q043=\":443\"; ma=2592000,quic=\":443\"; ma=2592000; v=\"46,43\"","accept-ranges":"none","transfer-encoding":"chunked"}
[debug] [2021-12-06T06:38:23.321Z] >>> HTTP REQUEST POST https://cloudresourcemanager.googleapis.com/v1/projects/tourism-website-40a00:testIamPermissions  
 {"permissions":["firebase.projects.get","firebasehosting.sites.update"]}
[debug] [2021-12-06T06:38:25.174Z] <<< HTTP RESPONSE 200 {"content-type":"application/json; charset=UTF-8","vary":"X-Origin, Referer, Origin,Accept-Encoding","date":"Mon, 06 Dec 2021 06:38:24 GMT","server":"ESF","cache-control":"private","x-xss-protection":"0","x-frame-options":"SAMEORIGIN","x-content-type-options":"nosniff","server-timing":"gfet4t7; dur=1328","alt-svc":"h3=\":443\"; ma=2592000,h3-29=\":443\"; ma=2592000,h3-Q050=\":443\"; ma=2592000,h3-Q046=\":443\"; ma=2592000,h3-Q043=\":443\"; ma=2592000,quic=\":443\"; ma=2592000; v=\"46,43\"","accept-ranges":"none","transfer-encoding":"chunked"}
[debug] [2021-12-06T06:38:25.179Z] > refreshing access token with scopes: []
[debug] [2021-12-06T06:38:25.179Z] >>> HTTP REQUEST POST https://www.googleapis.com/oauth2/v3/token  
 <request body omitted>
[debug] [2021-12-06T06:38:25.609Z] <<< HTTP RESPONSE 200 {"date":"Mon, 06 Dec 2021 06:38:25 GMT","pragma":"no-cache","expires":"Mon, 01 Jan 1990 00:00:00 GMT","cache-control":"no-cache, no-store, max-age=0, must-revalidate","content-type":"application/json; charset=utf-8","vary":"X-Origin, Referer, Origin,Accept-Encoding","server":"scaffolding on HTTPServer2","x-xss-protection":"0","x-frame-options":"SAMEORIGIN","x-content-type-options":"nosniff","alt-svc":"h3=\":443\"; ma=2592000,h3-29=\":443\"; ma=2592000,h3-Q050=\":443\"; ma=2592000,h3-Q046=\":443\"; ma=2592000,h3-Q043=\":443\"; ma=2592000,quic=\":443\"; ma=2592000; v=\"46,43\"","accept-ranges":"none","transfer-encoding":"chunked"}
[debug] [2021-12-06T06:38:25.621Z] >>> [apiv2][query] GET https://firebase.googleapis.com/v1beta1/projects/tourism-website-40a00 [none]
[debug] [2021-12-06T06:38:27.514Z] <<< [apiv2][status] GET https://firebase.googleapis.com/v1beta1/projects/tourism-website-40a00 200
[debug] [2021-12-06T06:38:27.514Z] <<< [apiv2][body] GET https://firebase.googleapis.com/v1beta1/projects/tourism-website-40a00 {"projectId":"tourism-website-40a00","projectNumber":"298242472119","displayName":"Tourism-Website","name":"projects/tourism-website-40a00","resources":{"hostingSite":"tourism-website-40a00"},"state":"ACTIVE"}
[info] 
[info] === Deploying to 'tourism-website-40a00'...
[info] 
[info] i  deploying hosting 
[debug] [2021-12-06T06:38:27.518Z] > refreshing access token with scopes: ["email","https://www.googleapis.com/auth/cloud-platform","https://www.googleapis.com/auth/cloudplatformprojects.readonly","https://www.googleapis.com/auth/firebase","openid"]
[debug] [2021-12-06T06:38:27.518Z] >>> HTTP REQUEST POST https://www.googleapis.com/oauth2/v3/token  
 <request body omitted>
[debug] [2021-12-06T06:38:27.938Z] <<< HTTP RESPONSE 200 {"cache-control":"no-cache, no-store, max-age=0, must-revalidate","pragma":"no-cache","expires":"Mon, 01 Jan 1990 00:00:00 GMT","date":"Mon, 06 Dec 2021 06:38:27 GMT","content-type":"application/json; charset=utf-8","vary":"X-Origin, Referer, Origin,Accept-Encoding","server":"scaffolding on HTTPServer2","x-xss-protection":"0","x-frame-options":"SAMEORIGIN","x-content-type-options":"nosniff","alt-svc":"h3=\":443\"; ma=2592000,h3-29=\":443\"; ma=2592000,h3-Q050=\":443\"; ma=2592000,h3-Q046=\":443\"; ma=2592000,h3-Q043=\":443\"; ma=2592000,quic=\":443\"; ma=2592000; v=\"46,43\"","accept-ranges":"none","transfer-encoding":"chunked"}
[debug] [2021-12-06T06:38:27.952Z] >>> HTTP REQUEST POST https://firebasehosting.googleapis.com/v1beta1/sites/tourism-website-40a00/versions  
 {"config":{"rewrites":[{"glob":"**","path":"/index.html"}]},"labels":{"deployment-tool":"cli-firebase"}}
[debug] [2021-12-06T06:38:30.316Z] <<< HTTP RESPONSE 200 {"content-type":"application/json; charset=UTF-8","vary":"X-Origin, Referer, Origin,Accept-Encoding","date":"Mon, 06 Dec 2021 06:38:29 GMT","server":"ESF","cache-control":"private","x-xss-protection":"0","x-frame-options":"SAMEORIGIN","x-content-type-options":"nosniff","alt-svc":"h3=\":443\"; ma=2592000,h3-29=\":443\"; ma=2592000,h3-Q050=\":443\"; ma=2592000,h3-Q046=\":443\"; ma=2592000,h3-Q043=\":443\"; ma=2592000,quic=\":443\"; ma=2592000; v=\"46,43\"","accept-ranges":"none","transfer-encoding":"chunked"}
[info] i  hosting[tourism-website-40a00]: beginning deploy... 
[info] i  hosting[tourism-website-40a00]: found 40 files in build 
[debug] [2021-12-06T06:38:30.611Z] > refreshing access token with scopes: []
[debug] [2021-12-06T06:38:30.611Z] >>> HTTP REQUEST POST https://www.googleapis.com/oauth2/v3/token  
 <request body omitted>
[debug] [2021-12-06T06:38:30.612Z] [hosting] hash cache [YnVpbGQ] stored for 40 files
[debug] [2021-12-06T06:38:30.613Z] [hosting][hash queue][FINAL] {"max":266,"min":10,"avg":35.125,"active":0,"complete":40,"success":40,"errored":0,"retried":0,"total":40,"elapsed":273}
[debug] [2021-12-06T06:38:31.091Z] <<< HTTP RESPONSE 200 {"expires":"Mon, 01 Jan 1990 00:00:00 GMT","pragma":"no-cache","date":"Mon, 06 Dec 2021 06:38:30 GMT","cache-control":"no-cache, no-store, max-age=0, must-revalidate","content-type":"application/json; charset=utf-8","vary":"X-Origin, Referer, Origin,Accept-Encoding","server":"scaffolding on HTTPServer2","x-xss-protection":"0","x-frame-options":"SAMEORIGIN","x-content-type-options":"nosniff","alt-svc":"h3=\":443\"; ma=2592000,h3-29=\":443\"; ma=2592000,h3-Q050=\":443\"; ma=2592000,h3-Q046=\":443\"; ma=2592000,h3-Q043=\":443\"; ma=2592000,quic=\":443\"; ma=2592000; v=\"46,43\"","accept-ranges":"none","transfer-encoding":"chunked"}
[debug] [2021-12-06T06:38:31.108Z] >>> [apiv2][query] POST https://firebasehosting.googleapis.com/v1beta1/sites/tourism-website-40a00/versions/25f27f6a6449fe3d:populateFiles [none]
[debug] [2021-12-06T06:38:31.108Z] >>> [apiv2][body] POST https://firebasehosting.googleapis.com/v1beta1/sites/tourism-website-40a00/versions/25f27f6a6449fe3d:populateFiles {"files":{"/favicon.ico":"eae62e993eb980ec8a25058c39d5a51feab118bd2100c4deebb2a9c158ec11f9","/logo192.png":"3ee59515172ee198f3be375979df15ac5345183e656720a381b8872b2a39dc8b","/logo512.png":"ee7e2f3fdb8209c4b6fd7bef6ba50d1b9dba30a25bb5c3126df057e1cb6f5331","/manifest.json":"aff3449bdc238776f5d6d967f19ec491b36aed5fb7f23ccff6500736fd58494a","/robots.txt":"bfe106a3fb878dc83461c86818bf74fc1bdc7f28538ba613cd3e775516ce8b49","/Tour.json":"dca4c7f39f01652eddf42f2c66c25b4886ae1f3126d4771a8b5ec1fc8722be13","/asset-manifest.json":"294b664217fb5c9947ee75f84413d62a65730fa4a159b393f6cf529244b6f9f8","/index.html":"6b44569e5a700f3fbb98c074cd2fd5ef17002cc8ebeea70b1bb3970107f42b48","/static/css/main.8ae6265d.chunk.css":"96fd6016178173acbfe207227bb7dc0d1b1929b28ad23a75304729a1bc0d51ba","/static/css/main.8ae6265d.chunk.css.map":"3dc4a3b1693b0db5013fb9a6169d0a4614180eca68d5e6f8ef190cfacc945781","/static/js/2.1aa2e03e.chunk.js.LICENSE.txt":"6fa4f3871a2c662946654f4eadac1d6a3a2f8d66c56961fa2b56c2d03905ef5b","/static/js/3.244e73e6.chunk.js":"0e21939c4e2a88a2d1b527f202f386b53b36330a37b6ca15bdab2b5d2ba90fc0","/static/js/3.244e73e6.chunk.js.map":"abdd07d92558dc11bdd555f4bed036005fb72113e7095167919896be18e96b88","/static/js/runtime-main.cc602ac8.js":"6e0f0745172808b1540ed07df8f50b6ca519cd786f63e95781d768772bd920f8","/static/js/runtime-main.cc602ac8.js.map":"f22a60d5274da737f5f63131287989c281b48df4a8d2a970db41b3b95ff43d41","/static/media/footer-gallery-1.38505f4e.jpg":"b0a3a4a1723c018e7d948d4565e047e1d40ae511669df4c52236ebb50cb9bf43","/static/media/footer-gallery-2.aab68cc5.jpg":"dafa3b8417573bcf8b86d7fe469bd5c9d1e66406bd56d7297d57ae2bbbb4d8a4","/static/media/footer-gallery-3.2e6f8a8f.jpg":"f7abacabf9b167983c0a5a3b1fc4295525c4c512806cb027e897f7bb732dcd2e","/static/media/footer-gallery-5.210af3f1.jpg":"965c987353a5189ce72d529c6dce63d26f1ae7849eaf63d928dd189b8c396c09","/static/media/footer-gallery-6.80e65719.jpg":"e373542f4dd682c719c6cdafe9cbd90747b8469a59c72d480fd44203317b3eb3","/static/media/road-signs.045da9b6.png":"b52ddea61dd35fb6022ed489e49a6286710ba1bc210f41c58811768692ab3364","/static/media/hiking (3).3227ff0b.png":"d81b6d05f9f6c470413c2f07cdc527864bf890d1d782d07e617c35c91a4b9b52","/static/media/mail.63e98a6f.png":"fd37f13a62978c422e8076af19cd96a75009c1b6ee526679efbdad04afab2430","/static/media/mountain (2).a5d92961.png":"80b9d91060cd3340687da277c524e13cacc639007730dc45e573547c877ebd95","/static/media/traveler (6).3ea7eff1.png":"f5aec01e5a85f70835119934bac2a7a7d061ae157b85db2b071cba181bdaee1d","/static/media/sunrise (2).9a434b5d.png":"64b0392630f186e78cd97bedd602aba8ca37f5635081e7564d4111bca4b8bdd4","/static/js/main.bb34a899.chunk.js":"691032ec534bdacf9ee072f24428e313f287413897bbc56bd812829e2fa91a5c","/static/media/fire (2).6b2040eb.png":"a62e7312aa43a1097eee3cdee39440c90cd307ca19f941c4c1b52caed895a31e","/static/media/phone-call.706b88da.png":"cbe23e5d0e740be947bca277968e57945ec62b8b9b015e7fda2acb071e0fcb17","/static/media/placeholder.31a3f520.png":"cad920c6c26d8e78037744fefc9ffa1bf816b4d867feafc3ac78eefeeeb29e28","/static/js/main.bb34a899.chunk.js.map":"ae579a673e7e80e7024148125732a196c1605b97dc7fe3094059c0e13e9a7bdd","/static/media/destination-5.950dd2fb.jpg":"a10d9890dd53625c779a77e4ba21b92196f9226f3f00a4abccc95b8dac9768dd","/static/js/2.1aa2e03e.chunk.js":"83cb53dd735fcbf850cd041d43b32065eef416f811d4feae65d8f9788979b0d6","/static/media/error.6a6554f4.png":"3eb06f849c62f224ec0d602b6d8763ea9629492bbffc64af333359a72edc2ca6","/static/media/main-slider-1-2.d817e895.jpg":"2ac14723a71a8457dfcd0950b5001a8c57c188222e1c20f38c001a6e1a54967b","/static/media/main-slider-1-1.04dbfa35.jpg":"ef769f23b78a0a2822920b6a763093f33b7e48f6cb14b331bd4da63dfe6d63ea","/static/media/main-slider-1-3.e915fab9.jpg":"49da8a05988ee5edd37eb3a6e157199268eea4a872d5f54b17724a5e34fdb4b6","/static/media/about-one-img-1.c7cad6ff.png":"22f69926274e8e6abc3bd8a008f7bd04e17196adfc5dcc6c51623543fb89ef58","/static/media/footer-gallery-7.1a60910f.jpg":"b8a8a84499de2079054c61232d77423e3f7439eb33b17ace05b528b5164656ce","/static/js/2.1aa2e03e.chunk.js.map":"723d42381b511311472d11db21f74391e12ddfaecf82e0e1ca884bad80863b1c"}}
[debug] [2021-12-06T06:38:33.205Z] <<< [apiv2][status] POST https://firebasehosting.googleapis.com/v1beta1/sites/tourism-website-40a00/versions/25f27f6a6449fe3d:populateFiles 200
[debug] [2021-12-06T06:38:33.205Z] <<< [apiv2][body] POST https://firebasehosting.googleapis.com/v1beta1/sites/tourism-website-40a00/versions/25f27f6a6449fe3d:populateFiles {"uploadRequiredHashes":["ef769f23b78a0a2822920b6a763093f33b7e48f6cb14b331bd4da63dfe6d63ea","294b664217fb5c9947ee75f84413d62a65730fa4a159b393f6cf529244b6f9f8","96fd6016178173acbfe207227bb7dc0d1b1929b28ad23a75304729a1bc0d51ba","49da8a05988ee5edd37eb3a6e157199268eea4a872d5f54b17724a5e34fdb4b6","3dc4a3b1693b0db5013fb9a6169d0a4614180eca68d5e6f8ef190cfacc945781","ae579a673e7e80e7024148125732a196c1605b97dc7fe3094059c0e13e9a7bdd","6b44569e5a700f3fbb98c074cd2fd5ef17002cc8ebeea70b1bb3970107f42b48","2ac14723a71a8457dfcd0950b5001a8c57c188222e1c20f38c001a6e1a54967b","691032ec534bdacf9ee072f24428e313f287413897bbc56bd812829e2fa91a5c"],"uploadUrl":"https://upload-firebasehosting.googleapis.com/upload/sites/tourism-website-40a00/versions/25f27f6a6449fe3d/files"}
[debug] [2021-12-06T06:38:33.207Z] >>> [apiv2][query] POST https://upload-firebasehosting.googleapis.com/upload/sites/tourism-website-40a00/versions/25f27f6a6449fe3d/files/ef769f23b78a0a2822920b6a763093f33b7e48f6cb14b331bd4da63dfe6d63ea [none]
[debug] [2021-12-06T06:38:33.207Z] >>> [apiv2][body] POST https://upload-firebasehosting.googleapis.com/upload/sites/tourism-website-40a00/versions/25f27f6a6449fe3d/files/ef769f23b78a0a2822920b6a763093f33b7e48f6cb14b331bd4da63dfe6d63ea [stream]
[debug] [2021-12-06T06:38:33.208Z] >>> [apiv2][query] POST https://upload-firebasehosting.googleapis.com/upload/sites/tourism-website-40a00/versions/25f27f6a6449fe3d/files/294b664217fb5c9947ee75f84413d62a65730fa4a159b393f6cf529244b6f9f8 [none]
[debug] [2021-12-06T06:38:33.208Z] >>> [apiv2][body] POST https://upload-firebasehosting.googleapis.com/upload/sites/tourism-website-40a00/versions/25f27f6a6449fe3d/files/294b664217fb5c9947ee75f84413d62a65730fa4a159b393f6cf529244b6f9f8 [stream]
[debug] [2021-12-06T06:38:33.209Z] >>> [apiv2][query] POST https://upload-firebasehosting.googleapis.com/upload/sites/tourism-website-40a00/versions/25f27f6a6449fe3d/files/96fd6016178173acbfe207227bb7dc0d1b1929b28ad23a75304729a1bc0d51ba [none]
[debug] [2021-12-06T06:38:33.209Z] >>> [apiv2][body] POST https://upload-firebasehosting.googleapis.com/upload/sites/tourism-website-40a00/versions/25f27f6a6449fe3d/files/96fd6016178173acbfe207227bb7dc0d1b1929b28ad23a75304729a1bc0d51ba [stream]
[debug] [2021-12-06T06:38:33.210Z] >>> [apiv2][query] POST https://upload-firebasehosting.googleapis.com/upload/sites/tourism-website-40a00/versions/25f27f6a6449fe3d/files/49da8a05988ee5edd37eb3a6e157199268eea4a872d5f54b17724a5e34fdb4b6 [none]
[debug] [2021-12-06T06:38:33.210Z] >>> [apiv2][body] POST https://upload-firebasehosting.googleapis.com/upload/sites/tourism-website-40a00/versions/25f27f6a6449fe3d/files/49da8a05988ee5edd37eb3a6e157199268eea4a872d5f54b17724a5e34fdb4b6 [stream]
[debug] [2021-12-06T06:38:33.210Z] >>> [apiv2][query] POST https://upload-firebasehosting.googleapis.com/upload/sites/tourism-website-40a00/versions/25f27f6a6449fe3d/files/3dc4a3b1693b0db5013fb9a6169d0a4614180eca68d5e6f8ef190cfacc945781 [none]
[debug] [2021-12-06T06:38:33.210Z] >>> [apiv2][body] POST https://upload-firebasehosting.googleapis.com/upload/sites/tourism-website-40a00/versions/25f27f6a6449fe3d/files/3dc4a3b1693b0db5013fb9a6169d0a4614180eca68d5e6f8ef190cfacc945781 [stream]
[debug] [2021-12-06T06:38:33.211Z] >>> [apiv2][query] POST https://upload-firebasehosting.googleapis.com/upload/sites/tourism-website-40a00/versions/25f27f6a6449fe3d/files/ae579a673e7e80e7024148125732a196c1605b97dc7fe3094059c0e13e9a7bdd [none]
[debug] [2021-12-06T06:38:33.211Z] >>> [apiv2][body] POST https://upload-firebasehosting.googleapis.com/upload/sites/tourism-website-40a00/versions/25f27f6a6449fe3d/files/ae579a673e7e80e7024148125732a196c1605b97dc7fe3094059c0e13e9a7bdd [stream]
[debug] [2021-12-06T06:38:33.211Z] >>> [apiv2][query] POST https://upload-firebasehosting.googleapis.com/upload/sites/tourism-website-40a00/versions/25f27f6a6449fe3d/files/6b44569e5a700f3fbb98c074cd2fd5ef17002cc8ebeea70b1bb3970107f42b48 [none]
[debug] [2021-12-06T06:38:33.212Z] >>> [apiv2][body] POST https://upload-firebasehosting.googleapis.com/upload/sites/tourism-website-40a00/versions/25f27f6a6449fe3d/files/6b44569e5a700f3fbb98c074cd2fd5ef17002cc8ebeea70b1bb3970107f42b48 [stream]
[debug] [2021-12-06T06:38:33.212Z] >>> [apiv2][query] POST https://upload-firebasehosting.googleapis.com/upload/sites/tourism-website-40a00/versions/25f27f6a6449fe3d/files/2ac14723a71a8457dfcd0950b5001a8c57c188222e1c20f38c001a6e1a54967b [none]
[debug] [2021-12-06T06:38:33.212Z] >>> [apiv2][body] POST https://upload-firebasehosting.googleapis.com/upload/sites/tourism-website-40a00/versions/25f27f6a6449fe3d/files/2ac14723a71a8457dfcd0950b5001a8c57c188222e1c20f38c001a6e1a54967b [stream]
[debug] [2021-12-06T06:38:33.215Z] >>> [apiv2][query] POST https://upload-firebasehosting.googleapis.com/upload/sites/tourism-website-40a00/versions/25f27f6a6449fe3d/files/691032ec534bdacf9ee072f24428e313f287413897bbc56bd812829e2fa91a5c [none]
[debug] [2021-12-06T06:38:33.215Z] >>> [apiv2][body] POST https://upload-firebasehosting.googleapis.com/upload/sites/tourism-website-40a00/versions/25f27f6a6449fe3d/files/691032ec534bdacf9ee072f24428e313f287413897bbc56bd812829e2fa91a5c [stream]
[debug] [2021-12-06T06:38:33.216Z] [hosting][populate queue][FINAL] {"max":2597,"min":2597,"avg":2597,"active":0,"complete":1,"success":1,"errored":0,"retried":0,"total":1,"elapsed":2606}
[debug] [2021-12-06T06:38:33.216Z] [hosting] uploads queued: 9
[debug] [2021-12-06T06:38:35.279Z] <<< [apiv2][status] POST https://upload-firebasehosting.googleapis.com/upload/sites/tourism-website-40a00/versions/25f27f6a6449fe3d/files/3dc4a3b1693b0db5013fb9a6169d0a4614180eca68d5e6f8ef190cfacc945781 200
[debug] [2021-12-06T06:38:35.279Z] <<< [apiv2][body] POST https://upload-firebasehosting.googleapis.com/upload/sites/tourism-website-40a00/versions/25f27f6a6449fe3d/files/3dc4a3b1693b0db5013fb9a6169d0a4614180eca68d5e6f8ef190cfacc945781 [stream]
[debug] [2021-12-06T06:38:35.303Z] <<< [apiv2][status] POST https://upload-firebasehosting.googleapis.com/upload/sites/tourism-website-40a00/versions/25f27f6a6449fe3d/files/6b44569e5a700f3fbb98c074cd2fd5ef17002cc8ebeea70b1bb3970107f42b48 200
[debug] [2021-12-06T06:38:35.303Z] <<< [apiv2][body] POST https://upload-firebasehosting.googleapis.com/upload/sites/tourism-website-40a00/versions/25f27f6a6449fe3d/files/6b44569e5a700f3fbb98c074cd2fd5ef17002cc8ebeea70b1bb3970107f42b48 [stream]
[debug] [2021-12-06T06:38:35.407Z] <<< [apiv2][status] POST https://upload-firebasehosting.googleapis.com/upload/sites/tourism-website-40a00/versions/25f27f6a6449fe3d/files/96fd6016178173acbfe207227bb7dc0d1b1929b28ad23a75304729a1bc0d51ba 200
[debug] [2021-12-06T06:38:35.407Z] <<< [apiv2][body] POST https://upload-firebasehosting.googleapis.com/upload/sites/tourism-website-40a00/versions/25f27f6a6449fe3d/files/96fd6016178173acbfe207227bb7dc0d1b1929b28ad23a75304729a1bc0d51ba [stream]
[debug] [2021-12-06T06:38:35.515Z] <<< [apiv2][status] POST https://upload-firebasehosting.googleapis.com/upload/sites/tourism-website-40a00/versions/25f27f6a6449fe3d/files/294b664217fb5c9947ee75f84413d62a65730fa4a159b393f6cf529244b6f9f8 200
[debug] [2021-12-06T06:38:35.515Z] <<< [apiv2][body] POST https://upload-firebasehosting.googleapis.com/upload/sites/tourism-website-40a00/versions/25f27f6a6449fe3d/files/294b664217fb5c9947ee75f84413d62a65730fa4a159b393f6cf529244b6f9f8 [stream]
[debug] [2021-12-06T06:38:35.597Z] <<< [apiv2][status] POST https://upload-firebasehosting.googleapis.com/upload/sites/tourism-website-40a00/versions/25f27f6a6449fe3d/files/691032ec534bdacf9ee072f24428e313f287413897bbc56bd812829e2fa91a5c 200
[debug] [2021-12-06T06:38:35.598Z] <<< [apiv2][body] POST https://upload-firebasehosting.googleapis.com/upload/sites/tourism-website-40a00/versions/25f27f6a6449fe3d/files/691032ec534bdacf9ee072f24428e313f287413897bbc56bd812829e2fa91a5c [stream]
[debug] [2021-12-06T06:38:35.902Z] <<< [apiv2][status] POST https://upload-firebasehosting.googleapis.com/upload/sites/tourism-website-40a00/versions/25f27f6a6449fe3d/files/ae579a673e7e80e7024148125732a196c1605b97dc7fe3094059c0e13e9a7bdd 200
[debug] [2021-12-06T06:38:35.903Z] <<< [apiv2][body] POST https://upload-firebasehosting.googleapis.com/upload/sites/tourism-website-40a00/versions/25f27f6a6449fe3d/files/ae579a673e7e80e7024148125732a196c1605b97dc7fe3094059c0e13e9a7bdd [stream]
[debug] [2021-12-06T06:38:36.387Z] <<< [apiv2][status] POST https://upload-firebasehosting.googleapis.com/upload/sites/tourism-website-40a00/versions/25f27f6a6449fe3d/files/ef769f23b78a0a2822920b6a763093f33b7e48f6cb14b331bd4da63dfe6d63ea 200
[debug] [2021-12-06T06:38:36.387Z] <<< [apiv2][body] POST https://upload-firebasehosting.googleapis.com/upload/sites/tourism-website-40a00/versions/25f27f6a6449fe3d/files/ef769f23b78a0a2822920b6a763093f33b7e48f6cb14b331bd4da63dfe6d63ea [stream]
[debug] [2021-12-06T06:38:36.431Z] <<< [apiv2][status] POST https://upload-firebasehosting.googleapis.com/upload/sites/tourism-website-40a00/versions/25f27f6a6449fe3d/files/2ac14723a71a8457dfcd0950b5001a8c57c188222e1c20f38c001a6e1a54967b 200
[debug] [2021-12-06T06:38:36.431Z] <<< [apiv2][body] POST https://upload-firebasehosting.googleapis.com/upload/sites/tourism-website-40a00/versions/25f27f6a6449fe3d/files/2ac14723a71a8457dfcd0950b5001a8c57c188222e1c20f38c001a6e1a54967b [stream]
[debug] [2021-12-06T06:38:36.769Z] <<< [apiv2][status] POST https://upload-firebasehosting.googleapis.com/upload/sites/tourism-website-40a00/versions/25f27f6a6449fe3d/files/49da8a05988ee5edd37eb3a6e157199268eea4a872d5f54b17724a5e34fdb4b6 200
[debug] [2021-12-06T06:38:36.769Z] <<< [apiv2][body] POST https://upload-firebasehosting.googleapis.com/upload/sites/tourism-website-40a00/versions/25f27f6a6449fe3d/files/49da8a05988ee5edd37eb3a6e157199268eea4a872d5f54b17724a5e34fdb4b6 [stream]
[debug] [2021-12-06T06:38:36.770Z] [hosting][upload queue][FINAL] {"max":3563,"min":2073,"avg":2637.8888888888887,"active":0,"complete":9,"success":9,"errored":0,"retried":0,"total":9,"elapsed":3565}
[info] +  hosting[tourism-website-40a00]: file upload complete 
[debug] [2021-12-06T06:38:36.771Z] [hosting] deploy completed after 6452ms
[debug] [2021-12-06T06:38:36.778Z] [
  {
    "config": {
      "rewrites": [
        {
          "source": "**",
          "destination": "/index.html"
        }
      ],
      "public": "build",
      "ignore": [
        "firebase.json",
        "**/.*",
        "**/node_modules/**"
      ],
      "site": "tourism-website-40a00"
    },
    "site": "tourism-website-40a00",
    "version": "sites/tourism-website-40a00/versions/25f27f6a6449fe3d"
  }
]
[info] i  hosting[tourism-website-40a00]: finalizing version... 
[debug] [2021-12-06T06:38:36.779Z] > refreshing access token with scopes: ["email","https://www.googleapis.com/auth/cloud-platform","https://www.googleapis.com/auth/cloudplatformprojects.readonly","https://www.googleapis.com/auth/firebase","openid"]
[debug] [2021-12-06T06:38:36.779Z] >>> HTTP REQUEST POST https://www.googleapis.com/oauth2/v3/token  
 <request body omitted>
[debug] [2021-12-06T06:38:37.261Z] <<< HTTP RESPONSE 200 {"date":"Mon, 06 Dec 2021 06:38:36 GMT","pragma":"no-cache","cache-control":"no-cache, no-store, max-age=0, must-revalidate","expires":"Mon, 01 Jan 1990 00:00:00 GMT","content-type":"application/json; charset=utf-8","vary":"X-Origin, Referer, Origin,Accept-Encoding","server":"scaffolding on HTTPServer2","x-xss-protection":"0","x-frame-options":"SAMEORIGIN","x-content-type-options":"nosniff","alt-svc":"h3=\":443\"; ma=2592000,h3-29=\":443\"; ma=2592000,h3-Q050=\":443\"; ma=2592000,h3-Q046=\":443\"; ma=2592000,h3-Q043=\":443\"; ma=2592000,quic=\":443\"; ma=2592000; v=\"46,43\"","accept-ranges":"none","transfer-encoding":"chunked"}
[debug] [2021-12-06T06:38:37.278Z] >>> HTTP REQUEST PATCH https://firebasehosting.googleapis.com/v1beta1/sites/tourism-website-40a00/versions/25f27f6a6449fe3d?updateMask=status  
 {"status":"FINALIZED"}
[debug] [2021-12-06T06:38:39.242Z] <<< HTTP RESPONSE 200 {"content-type":"application/json; charset=UTF-8","vary":"X-Origin, Referer, Origin,Accept-Encoding","date":"Mon, 06 Dec 2021 06:38:38 GMT","server":"ESF","cache-control":"private","x-xss-protection":"0","x-frame-options":"SAMEORIGIN","x-content-type-options":"nosniff","alt-svc":"h3=\":443\"; ma=2592000,h3-29=\":443\"; ma=2592000,h3-Q050=\":443\"; ma=2592000,h3-Q046=\":443\"; ma=2592000,h3-Q043=\":443\"; ma=2592000,quic=\":443\"; ma=2592000; v=\"46,43\"","accept-ranges":"none","transfer-encoding":"chunked"}
[debug] [2021-12-06T06:38:39.242Z] [hosting] finalized version for tourism-website-40a00: {"name":"sites/tourism-website-40a00/versions/25f27f6a6449fe3d","status":"FINALIZED","config":{"rewrites":[{"glob":"**","path":"/index.html"}]},"labels":{"deployment-tool":"cli-firebase"},"createTime":"2021-12-06T06:38:29.550347Z","createUser":{"email":"mahi01hasan@gmail.com"},"finalizeTime":"2021-12-06T06:38:38.729105Z","finalizeUser":{"email":"mahi01hasan@gmail.com"}}
[info] +  hosting[tourism-website-40a00]: version finalized 
[info] i  hosting[tourism-website-40a00]: releasing new version... 
[debug] [2021-12-06T06:38:39.243Z] >>> HTTP REQUEST POST https://firebasehosting.googleapis.com/v1beta1/sites/tourism-website-40a00/releases?version_name=sites/tourism-website-40a00/versions/25f27f6a6449fe3d  
 {"message":null}
[debug] [2021-12-06T06:38:42.416Z] <<< HTTP RESPONSE 200 {"content-type":"application/json; charset=UTF-8","vary":"X-Origin, Referer, Origin,Accept-Encoding","date":"Mon, 06 Dec 2021 06:38:40 GMT","server":"ESF","cache-control":"private","x-xss-protection":"0","x-frame-options":"SAMEORIGIN","x-content-type-options":"nosniff","alt-svc":"h3=\":443\"; ma=2592000,h3-29=\":443\"; ma=2592000,h3-Q050=\":443\"; ma=2592000,h3-Q046=\":443\"; ma=2592000,h3-Q043=\":443\"; ma=2592000,quic=\":443\"; ma=2592000; v=\"46,43\"","accept-ranges":"none","transfer-encoding":"chunked"}
[debug] [2021-12-06T06:38:42.417Z] [hosting] release: {"name":"sites/tourism-website-40a00/releases/1638772720136315","version":{"name":"sites/tourism-website-40a00/versions/25f27f6a6449fe3d","status":"FINALIZED","config":{"rewrites":[{"glob":"**","path":"/index.html"}]},"labels":{"deployment-tool":"cli-firebase"},"createTime":"2021-12-06T06:38:29.550347Z","createUser":{"email":"mahi01hasan@gmail.com"},"finalizeTime":"2021-12-06T06:38:38.729105Z","finalizeUser":{"email":"mahi01hasan@gmail.com"}},"type":"DEPLOY","releaseTime":"2021-12-06T06:38:40.136315079Z","releaseUser":{"email":"mahi01hasan@gmail.com"}}
[info] +  hosting[tourism-website-40a00]: release complete 
[info] 
[info] +  Deploy complete! 
[info] 
[info] Project Console: https://console.firebase.google.com/project/tourism-website-40a00/overview
[info] Hosting URL: https://tourism-website-40a00.web.app
